<?xml version="1.0" encoding="UTF-8"?>
<!-- Generated by org.testng.reporters.JUnitXMLReporter -->
<testsuite ignored="0" hostname="360NDCLP150" failures="0" tests="1" name="Default test" time="0.278" errors="0" timestamp="2023-04-20T15:38:48 IST">
  <testcase classname="demo.ExtendReport.ExtendReport" name="@BeforeTest config" time="0.229">
    <failure type="java.lang.AbstractMethodError" message="Receiver class com.aventstack.extentreports.reporter.ExtentSparkReporter does not define or inherit an implementation of the resolved method &amp;apos;abstract void start()&amp;apos; of interface com.aventstack.extentreports.ExtentReporter.">
      <![CDATA[java.lang.AbstractMethodError: Receiver class com.aventstack.extentreports.reporter.ExtentSparkReporter does not define or inherit an implementation of the resolved method 'abstract void start()' of interface com.aventstack.extentreports.ExtentReporter.
at com.aventstack.extentreports.Report.attach(Report.java:55)
at java.base/java.util.Spliterators$ArraySpliterator.forEachRemaining(Spliterators.java:992)
at java.base/java.util.stream.ReferencePipeline$Head.forEach(ReferencePipeline.java:762)
at com.aventstack.extentreports.ExtentReports.attachReporter(ExtentReports.java:68)
at demo.ExtendReport.ExtendReport.config(ExtendReport.java:23)
at java.base/jdk.internal.reflect.NativeMethodAccessorImpl.invoke0(Native Method)
at java.base/jdk.internal.reflect.NativeMethodAccessorImpl.invoke(NativeMethodAccessorImpl.java:77)
at java.base/jdk.internal.reflect.DelegatingMethodAccessorImpl.invoke(DelegatingMethodAccessorImpl.java:43)
at java.base/java.lang.reflect.Method.invoke(Method.java:568)
at org.testng.internal.MethodInvocationHelper.invokeMethod(MethodInvocationHelper.java:133)
at org.testng.internal.MethodInvocationHelper.invokeMethodConsideringTimeout(MethodInvocationHelper.java:62)
at org.testng.internal.ConfigInvoker.invokeConfigurationMethod(ConfigInvoker.java:385)
at org.testng.internal.ConfigInvoker.invokeConfigurations(ConfigInvoker.java:321)
at org.testng.TestRunner.invokeTestConfigurations(TestRunner.java:637)
at org.testng.TestRunner.beforeRun(TestRunner.java:627)
at org.testng.TestRunner.run(TestRunner.java:589)
at org.testng.SuiteRunner.runTest(SuiteRunner.java:377)
at org.testng.SuiteRunner.runSequentially(SuiteRunner.java:371)
at org.testng.SuiteRunner.privateRun(SuiteRunner.java:332)
at org.testng.SuiteRunner.run(SuiteRunner.java:276)
at org.testng.SuiteRunnerWorker.runSuite(SuiteRunnerWorker.java:53)
at org.testng.SuiteRunnerWorker.run(SuiteRunnerWorker.java:96)
at org.testng.TestNG.runSuitesSequentially(TestNG.java:1212)
at org.testng.TestNG.runSuitesLocally(TestNG.java:1134)
at org.testng.TestNG.runSuites(TestNG.java:1063)
at org.testng.TestNG.run(TestNG.java:1031)
at org.testng.remote.AbstractRemoteTestNG.run(AbstractRemoteTestNG.java:115)
at org.testng.remote.RemoteTestNG.initAndRun(RemoteTestNG.java:251)
at org.testng.remote.RemoteTestNG.main(RemoteTestNG.java:77)
]]>
    </failure>
  </testcase> <!-- @BeforeTest config -->
  <testcase classname="demo.ExtendReport.ExtendReport" name="intialDemo" time="0.0">
    <skipped/>
  </testcase> <!-- intialDemo -->
</testsuite> <!-- Default test -->
